
  [32m[1mVITE[22m v5.4.21[39m  [2mready in [0m[1m359[22m[2m[0m ms[22m

  [32m➜[39m  [1mLocal[22m:   [36mhttp://localhost:[1m5173[22m/[39m
[2m  [32m➜[39m  [1mNetwork[22m[2m: use [22m[1m--host[22m[2m to expose[22m
[2m02:49:52[22m [36m[1m[vite][22m[39m [32mhmr update [39m[2m/@fs/F:/新建文件夹/RAG/rag-memory-system/frontend/src/views/PitchRoom.vue, /@fs/F:/新建文件夹/RAG/rag-memory-system/frontend/src/style.css[22m
[2m02:49:52[22m [36m[1m[vite][22m[39m [32mpage reload [39m[2mF:/新建文件夹/RAG/rag-memory-system/frontend/frontend.log[22m
[2m02:55:39[22m [36m[1m[vite][22m[39m [32mhmr update [39m[2m/@fs/F:/新建文件夹/RAG/rag-memory-system/frontend/src/App.vue, /@fs/F:/新建文件夹/RAG/rag-memory-system/frontend/src/style.css, /@fs/F:/新建文件夹/RAG/rag-memory-system/frontend/src/views/TheLibrary.vue, /@fs/F:/新建文件夹/RAG/rag-memory-system/frontend/src/views/PitchRoom.vue, /@fs/F:/新建文件夹/RAG/rag-memory-system/frontend/src/views/OutlineForge.vue, /@fs/F:/新建文件夹/RAG/rag-memory-system/frontend/src/views/IDEWorkspace.vue[22m
[2m02:55:39[22m [36m[1m[vite][22m[39m [32mpage reload [39m[2mF:/新建文件夹/RAG/rag-memory-system/frontend/frontend.log[22m
[2m02:56:24[22m [36m[1m[vite][22m[39m [32mhmr update [39m[2m/@fs/F:/新建文件夹/RAG/rag-memory-system/frontend/src/views/PitchRoom.vue, /@fs/F:/新建文件夹/RAG/rag-memory-system/frontend/src/style.css[22m
[2m02:56:24[22m [36m[1m[vite][22m[39m [32mpage reload [39m[2mF:/新建文件夹/RAG/rag-memory-system/frontend/frontend.log[22m
[2m02:57:36[22m [36m[1m[vite][22m[39m [32mhmr update [39m[2m/@fs/F:/新建文件夹/RAG/rag-memory-system/frontend/src/App.vue, /@fs/F:/新建文件夹/RAG/rag-memory-system/frontend/src/style.css, /@fs/F:/新建文件夹/RAG/rag-memory-system/frontend/src/views/TheLibrary.vue, /@fs/F:/新建文件夹/RAG/rag-memory-system/frontend/src/views/PitchRoom.vue, /@fs/F:/新建文件夹/RAG/rag-memory-system/frontend/src/views/OutlineForge.vue, /@fs/F:/新建文件夹/RAG/rag-memory-system/frontend/src/views/IDEWorkspace.vue[22m
[2m02:57:36[22m [36m[1m[vite][22m[39m [32mpage reload [39m[2mF:/新建文件夹/RAG/rag-memory-system/frontend/frontend.log[22m
[2m03:22:33[22m [36m[1m[vite][22m[39m [32mhmr update [39m[2m/@fs/F:/新建文件夹/RAG/rag-memory-system/frontend/src/App.vue, /@fs/F:/新建文件夹/RAG/rag-memory-system/frontend/src/style.css, /@fs/F:/新建文件夹/RAG/rag-memory-system/frontend/src/views/TheLibrary.vue, /@fs/F:/新建文件夹/RAG/rag-memory-system/frontend/src/views/PitchRoom.vue, /@fs/F:/新建文件夹/RAG/rag-memory-system/frontend/src/views/OutlineForge.vue, /@fs/F:/新建文件夹/RAG/rag-memory-system/frontend/src/views/IDEWorkspace.vue[22m
[2m03:22:33[22m [36m[1m[vite][22m[39m [32mpage reload [39m[2mF:/新建文件夹/RAG/rag-memory-system/frontend/frontend.log[22m
[2m03:26:19[22m [36m[1m[vite][22m[39m [32mhmr update [39m[2m/@fs/F:/新建文件夹/RAG/rag-memory-system/frontend/src/views/IDEWorkspace.vue, /@fs/F:/新建文件夹/RAG/rag-memory-system/frontend/src/style.css[22m
[2m03:26:19[22m [36m[1m[vite][22m[39m [32mpage reload [39m[2mF:/新建文件夹/RAG/rag-memory-system/frontend/frontend.log[22m
[2m03:26:31[22m [36m[1m[vite][22m[39m [32mhmr update [39m[2m/@fs/F:/新建文件夹/RAG/rag-memory-system/frontend/src/views/IDEWorkspace.vue, /@fs/F:/新建文件夹/RAG/rag-memory-system/frontend/src/style.css[22m
[2m03:26:31[22m [36m[1m[vite][22m[39m [32mpage reload [39m[2mF:/新建文件夹/RAG/rag-memory-system/frontend/frontend.log[22m
[2m03:36:08[22m [36m[1m[vite][22m[39m [32mhmr update [39m[2m/@fs/F:/新建文件夹/RAG/rag-memory-system/frontend/src/App.vue, /@fs/F:/新建文件夹/RAG/rag-memory-system/frontend/src/style.css, /@fs/F:/新建文件夹/RAG/rag-memory-system/frontend/src/views/TheLibrary.vue, /@fs/F:/新建文件夹/RAG/rag-memory-system/frontend/src/views/PitchRoom.vue, /@fs/F:/新建文件夹/RAG/rag-memory-system/frontend/src/views/OutlineForge.vue, /@fs/F:/新建文件夹/RAG/rag-memory-system/frontend/src/views/IDEWorkspace.vue[22m
[2m03:36:08[22m [36m[1m[vite][22m[39m [32mpage reload [39m[2mF:/新建文件夹/RAG/rag-memory-system/frontend/frontend.log[22m
[2m03:36:13[22m [36m[1m[vite][22m[39m [32mhmr update [39m[2m/@fs/F:/新建文件夹/RAG/rag-memory-system/frontend/src/views/IDEWorkspace.vue, /@fs/F:/新建文件夹/RAG/rag-memory-system/frontend/src/style.css[22m
[2m03:36:13[22m [36m[1m[vite][22m[39m [32mpage reload [39m[2mF:/新建文件夹/RAG/rag-memory-system/frontend/frontend.log[22m
[2m03:36:21[22m [36m[1m[vite][22m[39m [32mhmr update [39m[2m/@fs/F:/新建文件夹/RAG/rag-memory-system/frontend/src/App.vue, /@fs/F:/新建文件夹/RAG/rag-memory-system/frontend/src/style.css, /@fs/F:/新建文件夹/RAG/rag-memory-system/frontend/src/views/TheLibrary.vue, /@fs/F:/新建文件夹/RAG/rag-memory-system/frontend/src/views/PitchRoom.vue, /@fs/F:/新建文件夹/RAG/rag-memory-system/frontend/src/views/OutlineForge.vue, /@fs/F:/新建文件夹/RAG/rag-memory-system/frontend/src/views/IDEWorkspace.vue[22m
[2m03:36:21[22m [36m[1m[vite][22m[39m [32mpage reload [39m[2mF:/新建文件夹/RAG/rag-memory-system/frontend/frontend.log[22m
[2m03:36:27[22m [36m[1m[vite][22m[39m [32mhmr update [39m[2m/@fs/F:/新建文件夹/RAG/rag-memory-system/frontend/src/App.vue, /@fs/F:/新建文件夹/RAG/rag-memory-system/frontend/src/style.css, /@fs/F:/新建文件夹/RAG/rag-memory-system/frontend/src/views/TheLibrary.vue, /@fs/F:/新建文件夹/RAG/rag-memory-system/frontend/src/views/PitchRoom.vue, /@fs/F:/新建文件夹/RAG/rag-memory-system/frontend/src/views/OutlineForge.vue, /@fs/F:/新建文件夹/RAG/rag-memory-system/frontend/src/views/IDEWorkspace.vue[22m
[2m03:36:27[22m [36m[1m[vite][22m[39m [32mpage reload [39m[2mF:/新建文件夹/RAG/rag-memory-system/frontend/frontend.log[22m
[2m03:36:36[22m [36m[1m[vite][22m[39m [32mhmr update [39m[2m/@fs/F:/新建文件夹/RAG/rag-memory-system/frontend/src/App.vue, /@fs/F:/新建文件夹/RAG/rag-memory-system/frontend/src/style.css, /@fs/F:/新建文件夹/RAG/rag-memory-system/frontend/src/views/TheLibrary.vue, /@fs/F:/新建文件夹/RAG/rag-memory-system/frontend/src/views/PitchRoom.vue, /@fs/F:/新建文件夹/RAG/rag-memory-system/frontend/src/views/OutlineForge.vue, /@fs/F:/新建文件夹/RAG/rag-memory-system/frontend/src/views/IDEWorkspace.vue[22m
[2m03:36:36[22m [36m[1m[vite][22m[39m [32mpage reload [39m[2mF:/新建文件夹/RAG/rag-memory-system/frontend/frontend.log[22m
[2m03:36:48[22m [36m[1m[vite][22m[39m [32mhmr update [39m[2m/@fs/F:/新建文件夹/RAG/rag-memory-system/frontend/src/App.vue, /@fs/F:/新建文件夹/RAG/rag-memory-system/frontend/src/style.css, /@fs/F:/新建文件夹/RAG/rag-memory-system/frontend/src/views/TheLibrary.vue, /@fs/F:/新建文件夹/RAG/rag-memory-system/frontend/src/views/PitchRoom.vue, /@fs/F:/新建文件夹/RAG/rag-memory-system/frontend/src/views/OutlineForge.vue, /@fs/F:/新建文件夹/RAG/rag-memory-system/frontend/src/views/IDEWorkspace.vue[22m
[2m03:36:48[22m [36m[1m[vite][22m[39m [32mpage reload [39m[2mF:/新建文件夹/RAG/rag-memory-system/frontend/frontend.log[22m
[2m03:39:51[22m [36m[1m[vite][22m[39m [32mhmr update [39m[2m/@fs/F:/新建文件夹/RAG/rag-memory-system/frontend/src/App.vue, /@fs/F:/新建文件夹/RAG/rag-memory-system/frontend/src/style.css, /@fs/F:/新建文件夹/RAG/rag-memory-system/frontend/src/views/TheLibrary.vue, /@fs/F:/新建文件夹/RAG/rag-memory-system/frontend/src/views/PitchRoom.vue, /@fs/F:/新建文件夹/RAG/rag-memory-system/frontend/src/views/OutlineForge.vue, /@fs/F:/新建文件夹/RAG/rag-memory-system/frontend/src/views/IDEWorkspace.vue[22m
[2m03:39:51[22m [36m[1m[vite][22m[39m [32mpage reload [39m[2mF:/新建文件夹/RAG/rag-memory-system/frontend/frontend.log[22m
[2m03:40:01[22m [36m[1m[vite][22m[39m [32mhmr update [39m[2m/@fs/F:/新建文件夹/RAG/rag-memory-system/frontend/src/App.vue, /@fs/F:/新建文件夹/RAG/rag-memory-system/frontend/src/style.css, /@fs/F:/新建文件夹/RAG/rag-memory-system/frontend/src/views/TheLibrary.vue, /@fs/F:/新建文件夹/RAG/rag-memory-system/frontend/src/views/PitchRoom.vue, /@fs/F:/新建文件夹/RAG/rag-memory-system/frontend/src/views/OutlineForge.vue, /@fs/F:/新建文件夹/RAG/rag-memory-system/frontend/src/views/IDEWorkspace.vue[22m
[2m03:40:01[22m [36m[1m[vite][22m[39m [32mpage reload [39m[2mF:/新建文件夹/RAG/rag-memory-system/frontend/frontend.log[22m
[2m03:40:13[22m [36m[1m[vite][22m[39m [32mhmr update [39m[2m/@fs/F:/新建文件夹/RAG/rag-memory-system/frontend/src/views/IDEWorkspace.vue, /@fs/F:/新建文件夹/RAG/rag-memory-system/frontend/src/style.css[22m
[2m03:40:13[22m [36m[1m[vite][22m[39m [32mpage reload [39m[2mF:/新建文件夹/RAG/rag-memory-system/frontend/frontend.log[22m
[2m03:43:01[22m [36m[1m[vite][22m[39m [32mhmr update [39m[2m/@fs/F:/新建文件夹/RAG/rag-memory-system/frontend/src/views/IDEWorkspace.vue, /@fs/F:/新建文件夹/RAG/rag-memory-system/frontend/src/style.css[22m
[2m03:43:01[22m [36m[1m[vite][22m[39m [32mpage reload [39m[2mF:/新建文件夹/RAG/rag-memory-system/frontend/frontend.log[22m
[2m03:43:59[22m [36m[1m[vite][22m[39m [32mhmr update [39m[2m/@fs/F:/新建文件夹/RAG/rag-memory-system/frontend/src/views/IDEWorkspace.vue, /@fs/F:/新建文件夹/RAG/rag-memory-system/frontend/src/style.css[22m
[2m03:43:59[22m [36m[1m[vite][22m[39m [32mpage reload [39m[2mF:/新建文件夹/RAG/rag-memory-system/frontend/frontend.log[22m
[2m03:49:09[22m [36m[1m[vite][22m[39m [32mhmr update [39m[2m/@fs/F:/新建文件夹/RAG/rag-memory-system/frontend/src/App.vue, /@fs/F:/新建文件夹/RAG/rag-memory-system/frontend/src/style.css, /@fs/F:/新建文件夹/RAG/rag-memory-system/frontend/src/views/TheLibrary.vue, /@fs/F:/新建文件夹/RAG/rag-memory-system/frontend/src/views/PitchRoom.vue, /@fs/F:/新建文件夹/RAG/rag-memory-system/frontend/src/views/OutlineForge.vue, /@fs/F:/新建文件夹/RAG/rag-memory-system/frontend/src/views/IDEWorkspace.vue[22m
[2m03:49:09[22m [36m[1m[vite][22m[39m [32mpage reload [39m[2mF:/新建文件夹/RAG/rag-memory-system/frontend/frontend.log[22m
[2m03:50:16[22m [36m[1m[vite][22m[39m [32mhmr update [39m[2m/@fs/F:/新建文件夹/RAG/rag-memory-system/frontend/src/views/IDEWorkspace.vue, /@fs/F:/新建文件夹/RAG/rag-memory-system/frontend/src/style.css[22m
[2m03:50:16[22m [36m[1m[vite][22m[39m [32mpage reload [39m[2mF:/新建文件夹/RAG/rag-memory-system/frontend/frontend.log[22m
[2m03:55:14[22m [36m[1m[vite][22m[39m [32mhmr update [39m[2m/@fs/F:/新建文件夹/RAG/rag-memory-system/frontend/src/views/IDEWorkspace.vue, /@fs/F:/新建文件夹/RAG/rag-memory-system/frontend/src/style.css, /@fs/F:/新建文件夹/RAG/rag-memory-system/frontend/src/App.vue, /@fs/F:/新建文件夹/RAG/rag-memory-system/frontend/src/views/TheLibrary.vue, /@fs/F:/新建文件夹/RAG/rag-memory-system/frontend/src/views/PitchRoom.vue, /@fs/F:/新建文件夹/RAG/rag-memory-system/frontend/src/views/OutlineForge.vue[22m
[2m03:55:14[22m [36m[1m[vite][22m[39m [32mpage reload [39m[2mF:/新建文件夹/RAG/rag-memory-system/frontend/frontend.log[22m
[2m03:55:28[22m [36m[1m[vite][22m[39m [32mhmr update [39m[2m/@fs/F:/新建文件夹/RAG/rag-memory-system/frontend/src/views/IDEWorkspace.vue, /@fs/F:/新建文件夹/RAG/rag-memory-system/frontend/src/style.css[22m
[2m03:55:29[22m [36m[1m[vite][22m[39m [32mpage reload [39m[2mF:/新建文件夹/RAG/rag-memory-system/frontend/frontend.log[22m
[2m03:56:21[22m [36m[1m[vite][22m[39m [32mhmr update [39m[2m/@fs/F:/新建文件夹/RAG/rag-memory-system/frontend/src/views/IDEWorkspace.vue, /@fs/F:/新建文件夹/RAG/rag-memory-system/frontend/src/style.css[22m
[2m03:56:21[22m [36m[1m[vite][22m[39m [32mpage reload [39m[2mF:/新建文件夹/RAG/rag-memory-system/frontend/frontend.log[22m
[2m03:59:07[22m [36m[1m[vite][22m[39m [32mhmr update [39m[2m/@fs/F:/新建文件夹/RAG/rag-memory-system/frontend/src/views/IDEWorkspace.vue, /@fs/F:/新建文件夹/RAG/rag-memory-system/frontend/src/style.css[22m
[2m03:59:07[22m [36m[1m[vite][22m[39m [32mpage reload [39m[2mF:/新建文件夹/RAG/rag-memory-system/frontend/frontend.log[22m
[2m04:04:38[22m [36m[1m[vite][22m[39m [32mhmr update [39m[2m/@fs/F:/新建文件夹/RAG/rag-memory-system/frontend/src/views/IDEWorkspace.vue, /@fs/F:/新建文件夹/RAG/rag-memory-system/frontend/src/style.css[22m
[2m04:04:38[22m [36m[1m[vite][22m[39m [32mpage reload [39m[2mF:/新建文件夹/RAG/rag-memory-system/frontend/frontend.log[22m
[2m04:10:22[22m [36m[1m[vite][22m[39m [32mhmr update [39m[2m/@fs/F:/新建文件夹/RAG/rag-memory-system/frontend/src/views/IDEWorkspace.vue, /@fs/F:/新建文件夹/RAG/rag-memory-system/frontend/src/style.css[22m
[2m04:10:22[22m [36m[1m[vite][22m[39m [32mpage reload [39m[2mF:/新建文件夹/RAG/rag-memory-system/frontend/frontend.log[22m
[2m04:10:32[22m [36m[1m[vite][22m[39m [32mhmr update [39m[2m/@fs/F:/新建文件夹/RAG/rag-memory-system/frontend/src/views/IDEWorkspace.vue, /@fs/F:/新建文件夹/RAG/rag-memory-system/frontend/src/style.css[22m
[2m04:10:32[22m [36m[1m[vite][22m[39m [32mpage reload [39m[2mF:/新建文件夹/RAG/rag-memory-system/frontend/frontend.log[22m
[2m04:10:44[22m [36m[1m[vite][22m[39m [32mhmr update [39m[2m/@fs/F:/新建文件夹/RAG/rag-memory-system/frontend/src/views/IDEWorkspace.vue, /@fs/F:/新建文件夹/RAG/rag-memory-system/frontend/src/style.css[22m
[2m04:10:44[22m [36m[1m[vite][22m[39m [32mpage reload [39m[2mF:/新建文件夹/RAG/rag-memory-system/frontend/frontend.log[22m
[2m04:10:51[22m [36m[1m[vite][22m[39m [32mhmr update [39m[2m/@fs/F:/新建文件夹/RAG/rag-memory-system/frontend/src/views/IDEWorkspace.vue, /@fs/F:/新建文件夹/RAG/rag-memory-system/frontend/src/style.css[22m
[2m04:10:51[22m [36m[1m[vite][22m[39m [32mpage reload [39m[2mF:/新建文件夹/RAG/rag-memory-system/frontend/frontend.log[22m
[2m04:11:03[22m [36m[1m[vite][22m[39m [32mhmr update [39m[2m/@fs/F:/新建文件夹/RAG/rag-memory-system/frontend/src/views/IDEWorkspace.vue, /@fs/F:/新建文件夹/RAG/rag-memory-system/frontend/src/style.css[22m
[2m04:11:03[22m [36m[1m[vite][22m[39m [32mpage reload [39m[2mF:/新建文件夹/RAG/rag-memory-system/frontend/frontend.log[22m
[2m04:11:10[22m [36m[1m[vite][22m[39m [32mhmr update [39m[2m/@fs/F:/新建文件夹/RAG/rag-memory-system/frontend/src/views/IDEWorkspace.vue, /@fs/F:/新建文件夹/RAG/rag-memory-system/frontend/src/style.css[22m
[2m04:11:10[22m [36m[1m[vite][22m[39m [32mpage reload [39m[2mF:/新建文件夹/RAG/rag-memory-system/frontend/frontend.log[22m
[2m04:12:21[22m [36m[1m[vite][22m[39m [32mhmr update [39m[2m/@fs/F:/新建文件夹/RAG/rag-memory-system/frontend/src/views/IDEWorkspace.vue, /@fs/F:/新建文件夹/RAG/rag-memory-system/frontend/src/style.css[22m
[2m04:12:21[22m [36m[1m[vite][22m[39m [32mpage reload [39m[2mF:/新建文件夹/RAG/rag-memory-system/frontend/frontend.log[22m
[2m04:13:31[22m [36m[1m[vite][22m[39m [32mhmr update [39m[2m/@fs/F:/新建文件夹/RAG/rag-memory-system/frontend/src/views/IDEWorkspace.vue, /@fs/F:/新建文件夹/RAG/rag-memory-system/frontend/src/style.css, /@fs/F:/新建文件夹/RAG/rag-memory-system/frontend/src/App.vue, /@fs/F:/新建文件夹/RAG/rag-memory-system/frontend/src/views/TheLibrary.vue, /@fs/F:/新建文件夹/RAG/rag-memory-system/frontend/src/views/PitchRoom.vue, /@fs/F:/新建文件夹/RAG/rag-memory-system/frontend/src/views/OutlineForge.vue[22m
[2m04:13:32[22m [36m[1m[vite][22m[39m [32mpage reload [39m[2mF:/新建文件夹/RAG/rag-memory-system/frontend/frontend.log[22m
[2m04:13:45[22m [36m[1m[vite][22m[39m [32mhmr update [39m[2m/@fs/F:/新建文件夹/RAG/rag-memory-system/frontend/src/App.vue, /@fs/F:/新建文件夹/RAG/rag-memory-system/frontend/src/style.css, /@fs/F:/新建文件夹/RAG/rag-memory-system/frontend/src/views/TheLibrary.vue, /@fs/F:/新建文件夹/RAG/rag-memory-system/frontend/src/views/PitchRoom.vue, /@fs/F:/新建文件夹/RAG/rag-memory-system/frontend/src/views/OutlineForge.vue, /@fs/F:/新建文件夹/RAG/rag-memory-system/frontend/src/views/IDEWorkspace.vue[22m
[2m04:13:45[22m [36m[1m[vite][22m[39m [32mpage reload [39m[2mF:/新建文件夹/RAG/rag-memory-system/frontend/frontend.log[22m
[2m04:13:56[22m [36m[1m[vite][22m[39m [32mhmr update [39m[2m/@fs/F:/新建文件夹/RAG/rag-memory-system/frontend/src/App.vue, /@fs/F:/新建文件夹/RAG/rag-memory-system/frontend/src/style.css, /@fs/F:/新建文件夹/RAG/rag-memory-system/frontend/src/views/TheLibrary.vue, /@fs/F:/新建文件夹/RAG/rag-memory-system/frontend/src/views/PitchRoom.vue, /@fs/F:/新建文件夹/RAG/rag-memory-system/frontend/src/views/OutlineForge.vue, /@fs/F:/新建文件夹/RAG/rag-memory-system/frontend/src/views/IDEWorkspace.vue[22m
[2m04:13:56[22m [36m[1m[vite][22m[39m [32mpage reload [39m[2mF:/新建文件夹/RAG/rag-memory-system/frontend/frontend.log[22m
[2m04:14:07[22m [36m[1m[vite][22m[39m [32mhmr update [39m[2m/@fs/F:/新建文件夹/RAG/rag-memory-system/frontend/src/views/IDEWorkspace.vue, /@fs/F:/新建文件夹/RAG/rag-memory-system/frontend/src/style.css[22m
[2m04:14:08[22m [36m[1m[vite][22m[39m [32mpage reload [39m[2mF:/新建文件夹/RAG/rag-memory-system/frontend/frontend.log[22m
[2m04:15:39[22m [36m[1m[vite][22m[39m [32mhmr update [39m[2m/@fs/F:/新建文件夹/RAG/rag-memory-system/frontend/src/views/IDEWorkspace.vue, /@fs/F:/新建文件夹/RAG/rag-memory-system/frontend/src/style.css[22m
[2m04:15:39[22m [36m[1m[vite][22m[39m [32mpage reload [39m[2mF:/新建文件夹/RAG/rag-memory-system/frontend/frontend.log[22m
[2m04:17:25[22m [36m[1m[vite][22m[39m [32mhmr update [39m[2m/@fs/F:/新建文件夹/RAG/rag-memory-system/frontend/src/views/IDEWorkspace.vue, /@fs/F:/新建文件夹/RAG/rag-memory-system/frontend/src/style.css[22m
[2m04:17:25[22m [36m[1m[vite][22m[39m [32mpage reload [39m[2mF:/新建文件夹/RAG/rag-memory-system/frontend/frontend.log[22m
[2m04:17:56[22m [36m[1m[vite][22m[39m [32mhmr update [39m[2m/@fs/F:/新建文件夹/RAG/rag-memory-system/frontend/src/views/IDEWorkspace.vue, /@fs/F:/新建文件夹/RAG/rag-memory-system/frontend/src/style.css[22m
[2m04:17:57[22m [36m[1m[vite][22m[39m [32mpage reload [39m[2mF:/新建文件夹/RAG/rag-memory-system/frontend/frontend.log[22m
[2m04:19:16[22m [36m[1m[vite][22m[39m [32mhmr update [39m[2m/@fs/F:/新建文件夹/RAG/rag-memory-system/frontend/src/views/IDEWorkspace.vue, /@fs/F:/新建文件夹/RAG/rag-memory-system/frontend/src/style.css[22m
[2m04:19:16[22m [36m[1m[vite][22m[39m [32mpage reload [39m[2mF:/新建文件夹/RAG/rag-memory-system/frontend/frontend.log[22m
[2m04:19:25[22m [36m[1m[vite][22m[39m [32mhmr update [39m[2m/@fs/F:/新建文件夹/RAG/rag-memory-system/frontend/src/views/IDEWorkspace.vue, /@fs/F:/新建文件夹/RAG/rag-memory-system/frontend/src/style.css[22m
[2m04:19:25[22m [36m[1m[vite][22m[39m [32mpage reload [39m[2mF:/新建文件夹/RAG/rag-memory-system/frontend/frontend.log[22m
[2m04:19:46[22m [36m[1m[vite][22m[39m [32mhmr update [39m[2m/@fs/F:/新建文件夹/RAG/rag-memory-system/frontend/src/views/IDEWorkspace.vue, /@fs/F:/新建文件夹/RAG/rag-memory-system/frontend/src/style.css[22m
[2m04:19:46[22m [36m[1m[vite][22m[39m [32mpage reload [39m[2mF:/新建文件夹/RAG/rag-memory-system/frontend/frontend.log[22m
[2m04:19:55[22m [36m[1m[vite][22m[39m [32mhmr update [39m[2m/@fs/F:/新建文件夹/RAG/rag-memory-system/frontend/src/views/IDEWorkspace.vue, /@fs/F:/新建文件夹/RAG/rag-memory-system/frontend/src/style.css[22m
[2m04:19:55[22m [36m[1m[vite][22m[39m [32mpage reload [39m[2mF:/新建文件夹/RAG/rag-memory-system/frontend/frontend.log[22m
[2m04:22:37[22m [36m[1m[vite][22m[39m [32mhmr update [39m[2m/@fs/F:/新建文件夹/RAG/rag-memory-system/frontend/src/views/IDEWorkspace.vue, /@fs/F:/新建文件夹/RAG/rag-memory-system/frontend/src/style.css[22m
[2m04:22:37[22m [36m[1m[vite][22m[39m [32mpage reload [39m[2mF:/新建文件夹/RAG/rag-memory-system/frontend/frontend.log[22m
[2m04:22:46[22m [36m[1m[vite][22m[39m [32mhmr update [39m[2m/@fs/F:/新建文件夹/RAG/rag-memory-system/frontend/src/views/IDEWorkspace.vue, /@fs/F:/新建文件夹/RAG/rag-memory-system/frontend/src/style.css[22m
[2m04:22:46[22m [36m[1m[vite][22m[39m [32mpage reload [39m[2mF:/新建文件夹/RAG/rag-memory-system/frontend/frontend.log[22m
[2m04:24:47[22m [36m[1m[vite][22m[39m [32mhmr update [39m[2m/@fs/F:/新建文件夹/RAG/rag-memory-system/frontend/src/views/IDEWorkspace.vue, /@fs/F:/新建文件夹/RAG/rag-memory-system/frontend/src/style.css[22m
[2m04:24:47[22m [36m[1m[vite][22m[39m [32mpage reload [39m[2mF:/新建文件夹/RAG/rag-memory-system/frontend/frontend.log[22m
[2m04:24:57[22m [36m[1m[vite][22m[39m [32mhmr update [39m[2m/@fs/F:/新建文件夹/RAG/rag-memory-system/frontend/src/App.vue, /@fs/F:/新建文件夹/RAG/rag-memory-system/frontend/src/style.css, /@fs/F:/新建文件夹/RAG/rag-memory-system/frontend/src/views/TheLibrary.vue, /@fs/F:/新建文件夹/RAG/rag-memory-system/frontend/src/views/PitchRoom.vue, /@fs/F:/新建文件夹/RAG/rag-memory-system/frontend/src/views/OutlineForge.vue, /@fs/F:/新建文件夹/RAG/rag-memory-system/frontend/src/views/IDEWorkspace.vue[22m
[2m04:24:57[22m [36m[1m[vite][22m[39m [32mpage reload [39m[2mF:/新建文件夹/RAG/rag-memory-system/frontend/frontend.log[22m
[2m04:25:10[22m [36m[1m[vite][22m[39m [32mhmr update [39m[2m/@fs/F:/新建文件夹/RAG/rag-memory-system/frontend/src/views/IDEWorkspace.vue, /@fs/F:/新建文件夹/RAG/rag-memory-system/frontend/src/style.css[22m
[2m04:25:10[22m [36m[1m[vite][22m[39m [32mpage reload [39m[2mF:/新建文件夹/RAG/rag-memory-system/frontend/frontend.log[22m
[2m04:29:13[22m [36m[1m[vite][22m[39m [32mhmr update [39m[2m/@fs/F:/新建文件夹/RAG/rag-memory-system/frontend/src/views/IDEWorkspace.vue, /@fs/F:/新建文件夹/RAG/rag-memory-system/frontend/src/style.css[22m
[2m04:29:13[22m [36m[1m[vite][22m[39m [32mpage reload [39m[2mF:/新建文件夹/RAG/rag-memory-system/frontend/frontend.log[22m
[2m04:39:00[22m [36m[1m[vite][22m[39m [32mhmr update [39m[2m/@fs/F:/新建文件夹/RAG/rag-memory-system/frontend/src/views/IDEWorkspace.vue, /@fs/F:/新建文件夹/RAG/rag-memory-system/frontend/src/style.css[22m
[2m04:39:00[22m [36m[1m[vite][22m[39m [32mpage reload [39m[2mF:/新建文件夹/RAG/rag-memory-system/frontend/frontend.log[22m
[2m04:39:07[22m [36m[1m[vite][22m[39m [32mhmr update [39m[2m/@fs/F:/新建文件夹/RAG/rag-memory-system/frontend/src/views/IDEWorkspace.vue, /@fs/F:/新建文件夹/RAG/rag-memory-system/frontend/src/style.css[22m
[2m04:39:07[22m [36m[1m[vite][22m[39m [32mpage reload [39m[2mF:/新建文件夹/RAG/rag-memory-system/frontend/frontend.log[22m
[2m04:39:14[22m [36m[1m[vite][22m[39m [32mhmr update [39m[2m/@fs/F:/新建文件夹/RAG/rag-memory-system/frontend/src/views/IDEWorkspace.vue, /@fs/F:/新建文件夹/RAG/rag-memory-system/frontend/src/style.css[22m
[2m04:39:14[22m [36m[1m[vite][22m[39m [32mpage reload [39m[2mF:/新建文件夹/RAG/rag-memory-system/frontend/frontend.log[22m
[2m04:39:20[22m [36m[1m[vite][22m[39m [32mhmr update [39m[2m/@fs/F:/新建文件夹/RAG/rag-memory-system/frontend/src/views/IDEWorkspace.vue, /@fs/F:/新建文件夹/RAG/rag-memory-system/frontend/src/style.css[22m
[2m04:39:20[22m [36m[1m[vite][22m[39m [32mpage reload [39m[2mF:/新建文件夹/RAG/rag-memory-system/frontend/frontend.log[22m
[2m04:47:37[22m [36m[1m[vite][22m[39m [32mhmr update [39m[2m/@fs/F:/新建文件夹/RAG/rag-memory-system/frontend/src/views/IDEWorkspace.vue, /@fs/F:/新建文件夹/RAG/rag-memory-system/frontend/src/style.css[22m
[2m04:47:37[22m [36m[1m[vite][22m[39m [32mpage reload [39m[2mF:/新建文件夹/RAG/rag-memory-system/frontend/frontend.log[22m
[2m04:47:47[22m [36m[1m[vite][22m[39m [32mhmr update [39m[2m/@fs/F:/新建文件夹/RAG/rag-memory-system/frontend/src/views/IDEWorkspace.vue, /@fs/F:/新建文件夹/RAG/rag-memory-system/frontend/src/style.css[22m
[2m04:47:47[22m [36m[1m[vite][22m[39m [32mpage reload [39m[2mF:/新建文件夹/RAG/rag-memory-system/frontend/frontend.log[22m
[2m04:47:54[22m [36m[1m[vite][22m[39m [32mhmr update [39m[2m/@fs/F:/新建文件夹/RAG/rag-memory-system/frontend/src/views/IDEWorkspace.vue, /@fs/F:/新建文件夹/RAG/rag-memory-system/frontend/src/style.css[22m
[2m04:47:55[22m [36m[1m[vite][22m[39m [32mpage reload [39m[2mF:/新建文件夹/RAG/rag-memory-system/frontend/frontend.log[22m
[2m04:51:07[22m [36m[1m[vite][22m[39m [32mhmr update [39m[2m/@fs/F:/新建文件夹/RAG/rag-memory-system/frontend/src/views/IDEWorkspace.vue, /@fs/F:/新建文件夹/RAG/rag-memory-system/frontend/src/style.css[22m
[2m04:51:07[22m [36m[1m[vite][22m[39m [32mpage reload [39m[2mF:/新建文件夹/RAG/rag-memory-system/frontend/frontend.log[22m
[2m04:51:16[22m [36m[1m[vite][22m[39m [32mhmr update [39m[2m/@fs/F:/新建文件夹/RAG/rag-memory-system/frontend/src/views/IDEWorkspace.vue, /@fs/F:/新建文件夹/RAG/rag-memory-system/frontend/src/style.css[22m
[2m04:51:16[22m [36m[1m[vite][22m[39m [32mpage reload [39m[2mF:/新建文件夹/RAG/rag-memory-system/frontend/frontend.log[22m
[2m05:00:32[22m [36m[1m[vite][22m[39m [32mhmr update [39m[2m/@fs/F:/新建文件夹/RAG/rag-memory-system/frontend/src/App.vue, /@fs/F:/新建文件夹/RAG/rag-memory-system/frontend/src/style.css, /@fs/F:/新建文件夹/RAG/rag-memory-system/frontend/src/views/TheLibrary.vue, /@fs/F:/新建文件夹/RAG/rag-memory-system/frontend/src/views/PitchRoom.vue, /@fs/F:/新建文件夹/RAG/rag-memory-system/frontend/src/views/OutlineForge.vue, /@fs/F:/新建文件夹/RAG/rag-memory-system/frontend/src/views/IDEWorkspace.vue[22m
[2m05:00:32[22m [36m[1m[vite][22m[39m [32mpage reload [39m[2mF:/新建文件夹/RAG/rag-memory-system/frontend/frontend.log[22m
[2m05:00:45[22m [36m[1m[vite][22m[39m [32mhmr update [39m[2m/@fs/F:/新建文件夹/RAG/rag-memory-system/frontend/src/App.vue, /@fs/F:/新建文件夹/RAG/rag-memory-system/frontend/src/style.css, /@fs/F:/新建文件夹/RAG/rag-memory-system/frontend/src/views/TheLibrary.vue, /@fs/F:/新建文件夹/RAG/rag-memory-system/frontend/src/views/PitchRoom.vue, /@fs/F:/新建文件夹/RAG/rag-memory-system/frontend/src/views/OutlineForge.vue, /@fs/F:/新建文件夹/RAG/rag-memory-system/frontend/src/views/IDEWorkspace.vue[22m
[2m05:00:45[22m [36m[1m[vite][22m[39m [32mpage reload [39m[2mF:/新建文件夹/RAG/rag-memory-system/frontend/frontend.log[22m
[2m05:01:00[22m [36m[1m[vite][22m[39m [32mhmr update [39m[2m/@fs/F:/新建文件夹/RAG/rag-memory-system/frontend/src/views/IDEWorkspace.vue, /@fs/F:/新建文件夹/RAG/rag-memory-system/frontend/src/style.css[22m
[2m05:01:00[22m [36m[1m[vite][22m[39m [32mpage reload [39m[2mF:/新建文件夹/RAG/rag-memory-system/frontend/frontend.log[22m
[2m05:01:06[22m [36m[1m[vite][22m[39m [32mhmr update [39m[2m/@fs/F:/新建文件夹/RAG/rag-memory-system/frontend/src/views/IDEWorkspace.vue, /@fs/F:/新建文件夹/RAG/rag-memory-system/frontend/src/style.css[22m
[2m05:01:06[22m [36m[1m[vite][22m[39m [32mpage reload [39m[2mF:/新建文件夹/RAG/rag-memory-system/frontend/frontend.log[22m
[2m05:01:23[22m [36m[1m[vite][22m[39m [32mhmr update [39m[2m/@fs/F:/新建文件夹/RAG/rag-memory-system/frontend/src/views/IDEWorkspace.vue, /@fs/F:/新建文件夹/RAG/rag-memory-system/frontend/src/style.css[22m
[2m05:01:23[22m [36m[1m[vite][22m[39m [32mpage reload [39m[2mF:/新建文件夹/RAG/rag-memory-system/frontend/frontend.log[22m
[2m05:02:51[22m [36m[1m[vite][22m[39m [32mhmr update [39m[2m/@fs/F:/新建文件夹/RAG/rag-memory-system/frontend/src/App.vue, /@fs/F:/新建文件夹/RAG/rag-memory-system/frontend/src/style.css, /@fs/F:/新建文件夹/RAG/rag-memory-system/frontend/src/views/TheLibrary.vue, /@fs/F:/新建文件夹/RAG/rag-memory-system/frontend/src/views/PitchRoom.vue, /@fs/F:/新建文件夹/RAG/rag-memory-system/frontend/src/views/OutlineForge.vue, /@fs/F:/新建文件夹/RAG/rag-memory-system/frontend/src/views/IDEWorkspace.vue[22m
[2m05:02:51[22m [36m[1m[vite][22m[39m [32mpage reload [39m[2mF:/新建文件夹/RAG/rag-memory-system/frontend/frontend.log[22m
[2m05:03:50[22m [36m[1m[vite][22m[39m [32mhmr update [39m[2m/@fs/F:/新建文件夹/RAG/rag-memory-system/frontend/src/App.vue, /@fs/F:/新建文件夹/RAG/rag-memory-system/frontend/src/style.css, /@fs/F:/新建文件夹/RAG/rag-memory-system/frontend/src/views/TheLibrary.vue, /@fs/F:/新建文件夹/RAG/rag-memory-system/frontend/src/views/PitchRoom.vue, /@fs/F:/新建文件夹/RAG/rag-memory-system/frontend/src/views/OutlineForge.vue, /@fs/F:/新建文件夹/RAG/rag-memory-system/frontend/src/views/IDEWorkspace.vue[22m
[2m05:03:50[22m [36m[1m[vite][22m[39m [32mpage reload [39m[2mF:/新建文件夹/RAG/rag-memory-system/frontend/frontend.log[22m
[2m05:03:57[22m [36m[1m[vite][22m[39m [32mhmr update [39m[2m/@fs/F:/新建文件夹/RAG/rag-memory-system/frontend/src/views/IDEWorkspace.vue, /@fs/F:/新建文件夹/RAG/rag-memory-system/frontend/src/style.css[22m
[2m05:03:57[22m [36m[1m[vite][22m[39m [32mpage reload [39m[2mF:/新建文件夹/RAG/rag-memory-system/frontend/frontend.log[22m
[2m05:04:05[22m [36m[1m[vite][22m[39m [32mhmr update [39m[2m/@fs/F:/新建文件夹/RAG/rag-memory-system/frontend/src/views/IDEWorkspace.vue, /@fs/F:/新建文件夹/RAG/rag-memory-system/frontend/src/style.css[22m
[2m05:04:05[22m [36m[1m[vite][22m[39m [32mpage reload [39m[2mF:/新建文件夹/RAG/rag-memory-system/frontend/frontend.log[22m
[2m05:07:36[22m [36m[1m[vite][22m[39m [32mhmr update [39m[2m/@fs/F:/新建文件夹/RAG/rag-memory-system/frontend/src/App.vue, /@fs/F:/新建文件夹/RAG/rag-memory-system/frontend/src/style.css, /@fs/F:/新建文件夹/RAG/rag-memory-system/frontend/src/views/TheLibrary.vue, /@fs/F:/新建文件夹/RAG/rag-memory-system/frontend/src/views/PitchRoom.vue, /@fs/F:/新建文件夹/RAG/rag-memory-system/frontend/src/views/OutlineForge.vue, /@fs/F:/新建文件夹/RAG/rag-memory-system/frontend/src/views/IDEWorkspace.vue[22m
[2m05:07:36[22m [36m[1m[vite][22m[39m [32mpage reload [39m[2mF:/新建文件夹/RAG/rag-memory-system/frontend/frontend.log[22m
[2m05:07:47[22m [36m[1m[vite][22m[39m [32mhmr update [39m[2m/@fs/F:/新建文件夹/RAG/rag-memory-system/frontend/src/App.vue, /@fs/F:/新建文件夹/RAG/rag-memory-system/frontend/src/style.css, /@fs/F:/新建文件夹/RAG/rag-memory-system/frontend/src/views/TheLibrary.vue, /@fs/F:/新建文件夹/RAG/rag-memory-system/frontend/src/views/PitchRoom.vue, /@fs/F:/新建文件夹/RAG/rag-memory-system/frontend/src/views/OutlineForge.vue, /@fs/F:/新建文件夹/RAG/rag-memory-system/frontend/src/views/IDEWorkspace.vue[22m
[2m05:07:47[22m [36m[1m[vite][22m[39m [32mpage reload [39m[2mF:/新建文件夹/RAG/rag-memory-system/frontend/frontend.log[22m
[2m05:08:00[22m [36m[1m[vite][22m[39m [32mhmr update [39m[2m/@fs/F:/新建文件夹/RAG/rag-memory-system/frontend/src/views/IDEWorkspace.vue, /@fs/F:/新建文件夹/RAG/rag-memory-system/frontend/src/style.css[22m
[2m05:08:00[22m [36m[1m[vite][22m[39m [32mpage reload [39m[2mF:/新建文件夹/RAG/rag-memory-system/frontend/frontend.log[22m
[2m05:08:10[22m [36m[1m[vite][22m[39m [32mhmr update [39m[2m/@fs/F:/新建文件夹/RAG/rag-memory-system/frontend/src/views/IDEWorkspace.vue, /@fs/F:/新建文件夹/RAG/rag-memory-system/frontend/src/style.css[22m
[2m05:08:10[22m [36m[1m[vite][22m[39m [32mpage reload [39m[2mF:/新建文件夹/RAG/rag-memory-system/frontend/frontend.log[22m
[2m05:15:12[22m [36m[1m[vite][22m[39m [32mhmr update [39m[2m/@fs/F:/新建文件夹/RAG/rag-memory-system/frontend/src/App.vue, /@fs/F:/新建文件夹/RAG/rag-memory-system/frontend/src/style.css, /@fs/F:/新建文件夹/RAG/rag-memory-system/frontend/src/views/TheLibrary.vue, /@fs/F:/新建文件夹/RAG/rag-memory-system/frontend/src/views/PitchRoom.vue, /@fs/F:/新建文件夹/RAG/rag-memory-system/frontend/src/views/OutlineForge.vue, /@fs/F:/新建文件夹/RAG/rag-memory-system/frontend/src/views/IDEWorkspace.vue[22m
[2m05:15:12[22m [36m[1m[vite][22m[39m [32mpage reload [39m[2mF:/新建文件夹/RAG/rag-memory-system/frontend/frontend.log[22m
[2m05:15:42[22m [36m[1m[vite][22m[39m [32mhmr update [39m[2m/@fs/F:/新建文件夹/RAG/rag-memory-system/frontend/src/App.vue, /@fs/F:/新建文件夹/RAG/rag-memory-system/frontend/src/style.css, /@fs/F:/新建文件夹/RAG/rag-memory-system/frontend/src/views/TheLibrary.vue, /@fs/F:/新建文件夹/RAG/rag-memory-system/frontend/src/views/PitchRoom.vue, /@fs/F:/新建文件夹/RAG/rag-memory-system/frontend/src/views/OutlineForge.vue, /@fs/F:/新建文件夹/RAG/rag-memory-system/frontend/src/views/IDEWorkspace.vue[22m
[2m05:15:42[22m [36m[1m[vite][22m[39m [32mpage reload [39m[2mF:/新建文件夹/RAG/rag-memory-system/frontend/frontend.log[22m
[2m05:15:51[22m [36m[1m[vite][22m[39m [32mhmr update [39m[2m/@fs/F:/新建文件夹/RAG/rag-memory-system/frontend/src/views/IDEWorkspace.vue, /@fs/F:/新建文件夹/RAG/rag-memory-system/frontend/src/style.css, /@fs/F:/新建文件夹/RAG/rag-memory-system/frontend/src/App.vue, /@fs/F:/新建文件夹/RAG/rag-memory-system/frontend/src/views/TheLibrary.vue, /@fs/F:/新建文件夹/RAG/rag-memory-system/frontend/src/views/PitchRoom.vue, /@fs/F:/新建文件夹/RAG/rag-memory-system/frontend/src/views/OutlineForge.vue[22m
[2m05:15:51[22m [36m[1m[vite][22m[39m [32mpage reload [39m[2mF:/新建文件夹/RAG/rag-memory-system/frontend/frontend.log[22m
[2m05:16:01[22m [36m[1m[vite][22m[39m [32mpage reload [39m[2mF:/新建文件夹/RAG/rag-memory-system/frontend/src/components/FactTooltip.vue[22m
[2m05:16:01[22m [36m[1m[vite][22m[39m [32mpage reload [39m[2mF:/新建文件夹/RAG/rag-memory-system/frontend/frontend.log[22m
[2m05:16:10[22m [36m[1m[vite][22m[39m [32mhmr update [39m[2m/@fs/F:/新建文件夹/RAG/rag-memory-system/frontend/src/views/IDEWorkspace.vue, /@fs/F:/新建文件夹/RAG/rag-memory-system/frontend/src/style.css[22m
[2m05:16:10[22m [36m[1m[vite][22m[39m [32mpage reload [39m[2mF:/新建文件夹/RAG/rag-memory-system/frontend/frontend.log[22m
[2m05:16:25[22m [36m[1m[vite][22m[39m [32mhmr update [39m[2m/@fs/F:/新建文件夹/RAG/rag-memory-system/frontend/src/views/IDEWorkspace.vue, /@fs/F:/新建文件夹/RAG/rag-memory-system/frontend/src/style.css[22m
[2m05:16:25[22m [36m[1m[vite][22m[39m [32mpage reload [39m[2mF:/新建文件夹/RAG/rag-memory-system/frontend/frontend.log[22m
[2m05:23:05[22m [36m[1m[vite][22m[39m [32mhmr update [39m[2m/@fs/F:/新建文件夹/RAG/rag-memory-system/frontend/src/views/IDEWorkspace.vue, /@fs/F:/新建文件夹/RAG/rag-memory-system/frontend/src/style.css[22m
[2m05:23:05[22m [36m[1m[vite][22m[39m [32mpage reload [39m[2mF:/新建文件夹/RAG/rag-memory-system/frontend/frontend.log[22m
[2m05:23:39[22m [36m[1m[vite][22m[39m [32mhmr update [39m[2m/@fs/F:/新建文件夹/RAG/rag-memory-system/frontend/src/views/IDEWorkspace.vue, /@fs/F:/新建文件夹/RAG/rag-memory-system/frontend/src/style.css[22m
[2m05:23:39[22m [36m[1m[vite][22m[39m [32mpage reload [39m[2mF:/新建文件夹/RAG/rag-memory-system/frontend/frontend.log[22m
[2m05:26:56[22m [36m[1m[vite][22m[39m [32mhmr update [39m[2m/@fs/F:/新建文件夹/RAG/rag-memory-system/frontend/src/App.vue, /@fs/F:/新建文件夹/RAG/rag-memory-system/frontend/src/style.css, /@fs/F:/新建文件夹/RAG/rag-memory-system/frontend/src/views/TheLibrary.vue, /@fs/F:/新建文件夹/RAG/rag-memory-system/frontend/src/views/PitchRoom.vue, /@fs/F:/新建文件夹/RAG/rag-memory-system/frontend/src/views/OutlineForge.vue, /@fs/F:/新建文件夹/RAG/rag-memory-system/frontend/src/views/IDEWorkspace.vue[22m
[2m05:26:56[22m [36m[1m[vite][22m[39m [32mpage reload [39m[2mF:/新建文件夹/RAG/rag-memory-system/frontend/frontend.log[22m
[2m05:27:06[22m [36m[1m[vite][22m[39m [32mhmr update [39m[2m/@fs/F:/新建文件夹/RAG/rag-memory-system/frontend/src/views/IDEWorkspace.vue, /@fs/F:/新建文件夹/RAG/rag-memory-system/frontend/src/style.css[22m
[2m05:27:06[22m [36m[1m[vite][22m[39m [32mpage reload [39m[2mF:/新建文件夹/RAG/rag-memory-system/frontend/frontend.log[22m
